{"logTime": "0612/075328", "correlationVector":"nNEkKq/gl/D+gyT/xyrFVI.1","action":"SyncServerConnectionManagerRequest", "result":"SYNC_SERVER_OK", "context":{"environment":"Prod_southeastasia_prod-s01-065-apac-southeastasia", "migrationStage":"NotStarted", "server":"akswtt008000029"}}
{"logTime": "0612/075328", "correlationVector":"nNEkKq/gl/D+gyT/xyrFVI.2","action":"ProcessGetUpdates", "result":"Done", "context":{"dataType":"Encryption Keys", "deleted":"0", "process_failed_to_decrypt":"0", "process_pending_decryption":"0", "process_success":"1", "total":"1"}}
{"logTime": "0612/075328", "correlationVector":"xihnLowXRX/czAuoUvFKHV","action":"SyncServerConnectionManagerRequest", "result":"SYNC_SERVER_OK", "context":{"environment":"", "migrationStage":"", "server":""}}
{"logTime": "0612/075328", "correlationVector":"xihnLowXRX/czAuoUvFKHV.0","action":"EncryptionKeysFetcher.DownloadKeys:", "result":"Success", "context":Key count: 5, Last key timestamp: 2025-06-03T06:47:54Z}
{"logTime": "0612/075328", "correlationVector":"xihnLowXRX/czAuoUvFKHV.1","action":"EncryptionKeysManager::SetEncryptionKeys:", "result":"Success", "context":Key names[5]:[FHZvUg2qoJJzJ3NhyjXMf6Kgb61RZQJi13PkSnPmKAIBfyWRGE94qdpdqhtAezUzNp15gx3BvA/leWraJnbwqw==][6TUYicVR7cNaPCrUgLfBWohDDt7UCrdjZyonriYqUInvR7m8Zzu9T9ThQeGz9w5e9meMbQ/1vlhYA69rTWdE6w==][EqaoFpSZd+b2K2nnDh4rh79ZQiNBMA64mfOIklgSjkC9QI2prdXd49YtFt1hWiVFMlJvUM4TUOkGMnuZkesGeA==][XhJMHmlX0PvqJu9xj0BJmmzYrkDuJJtxID+hbBx+SbX3i3zAuBM1gSljSgCw1xdPl2xDbexW3c/6dBUKSpGszg==][adZm5nYiM+4QYzGtwinRiXQbntjGvrhlGyo18rQwldMHFH4OdXDu3e1Hjcy30oeAXyyU4sKy+M3yg+jiVLUXcA==]}
{"logTime": "0612/075328", "correlationVector":"xihnLowXRX/czAuoUvFKHV.2","action":"EncryptionKeysManager::SetEncryptionKeysWithTimestamps:", "result":"Success", "context":Key timestamps[5]:[2023-03-27T19:12:56Z][2023-10-18T13:25:25Z][2024-06-06T17:34:33Z][2024-12-04T14:46:35Z][2025-06-03T06:47:54Z]}
{"logTime": "0612/075328", "correlationVector":"nNEkKq/gl/D+gyT/xyrFVI","action":"Initial GetUpdates", "result":"", "context":Reason: NEW_CLIENT. cV=nNEkKq/gl/D+gyT/xyrFVI}
{"logTime": "0612/075328", "correlationVector":"nNEkKq/gl/D+gyT/xyrFVI.3","action":"GetUpdates Response", "result":"Success", "context":Received 1 update(s). cV=nNEkKq/gl/D+gyT/xyrFVI.0;server=akswtt008000029;cloudType=Consumer;environment=Prod_southeastasia_prod-s01-065-apac-southeastasia;migrationStage=NotStarted}
{"logTime": "0612/075328", "correlationVector":"XfP28O8poylMeWq1mOkYQ9","action":"Initial GetUpdates", "result":"", "context":Reason: NEWLY_SUPPORTED_DATATYPE. cV=XfP28O8poylMeWq1mOkYQ9}
{"logTime": "0612/075333", "correlationVector":"XfP28O8poylMeWq1mOkYQ9.1","action":"SyncServerConnectionManagerRequest", "result":"SYNC_SERVER_OK", "context":{"environment":"Prod_southeastasia_prod-s01-065-apac-southeastasia", "migrationStage":"NotStarted", "server":"akswtt00800001l"}}
{"logTime": "0612/075333", "correlationVector":"XfP28O8poylMeWq1mOkYQ9.2","action":"ProcessGetUpdates", "result":"Done", "context":{"dataType":"Preferences", "deleted":"4", "process_failed_to_decrypt":"0", "process_pending_decryption":"0", "process_success":"76", "total":"76"}}
{"logTime": "0612/075333", "correlationVector":"XfP28O8poylMeWq1mOkYQ9.3","action":"ProcessGetUpdates", "result":"Done", "context":{"dataType":"Passwords", "deleted":"8", "process_failed_to_decrypt":"0", "process_pending_decryption":"0", "process_success":"125", "total":"125"}}
{"logTime": "0612/075333", "correlationVector":"XfP28O8poylMeWq1mOkYQ9.4","action":"ProcessGetUpdates", "result":"Done", "context":{"dataType":"Device Info", "deleted":"0", "process_failed_to_decrypt":"0", "process_pending_decryption":"0", "process_success":"4", "total":"4"}}
{"logTime": "0612/075333", "correlationVector":"XfP28O8poylMeWq1mOkYQ9.5","action":"GetUpdates Response", "result":"Success", "context":Received 205 update(s). cV=XfP28O8poylMeWq1mOkYQ9.0;server=akswtt00800001l;cloudType=Consumer;environment=Prod_southeastasia_prod-s01-065-apac-southeastasia;migrationStage=NotStarted}
{"logTime": "0612/075333", "correlationVector":"1M19tUaWbM40L2K3/XouGX","action":"Initial GetUpdates", "result":"", "context":Reason: NEWLY_SUPPORTED_DATATYPE. cV=1M19tUaWbM40L2K3/XouGX}
{"logTime": "0612/075335", "correlationVector":"1M19tUaWbM40L2K3/XouGX.1","action":"SyncServerConnectionManagerRequest", "result":"SYNC_SERVER_OK", "context":{"environment":"Prod_southeastasia_prod-s01-065-apac-southeastasia", "migrationStage":"NotStarted", "server":"akswtt00800000t"}}
{"logTime": "0612/075335", "correlationVector":"1M19tUaWbM40L2K3/XouGX.2","action":"ProcessGetUpdates", "result":"Done", "context":{"dataType":"Bookmarks", "deleted":"0", "process_failed_to_decrypt":"0", "process_pending_decryption":"0", "process_success":"8", "total":"8"}}
{"logTime": "0612/075335", "correlationVector":"1M19tUaWbM40L2K3/XouGX.3","action":"GetUpdates Response", "result":"Success", "context":Received 8 update(s). cV=1M19tUaWbM40L2K3/XouGX.0;server=akswtt00800000t;cloudType=Consumer;environment=Prod_southeastasia_prod-s01-065-apac-southeastasia;migrationStage=NotStarted}
{"logTime": "0612/075335", "correlationVector":"LblNd5bIbZ9Hpx3L2hCvup","action":"Initial GetUpdates", "result":"", "context":Reason: NEWLY_SUPPORTED_DATATYPE. cV=LblNd5bIbZ9Hpx3L2hCvup}
{"logTime": "0612/075339", "correlationVector":"LblNd5bIbZ9Hpx3L2hCvup.1","action":"SyncServerConnectionManagerRequest", "result":"SYNC_SERVER_OK", "context":{"environment":"Prod_southeastasia_prod-s01-065-apac-southeastasia", "migrationStage":"NotStarted", "server":"akswtt008000031"}}
{"logTime": "0612/075339", "correlationVector":"LblNd5bIbZ9Hpx3L2hCvup.2","action":"ProcessGetUpdates", "result":"Done", "context":{"dataType":"Autofill Profiles", "deleted":"1", "process_failed_to_decrypt":"0", "process_pending_decryption":"0", "process_success":"20", "total":"20"}}
{"logTime": "0612/075339", "correlationVector":"LblNd5bIbZ9Hpx3L2hCvup.3","action":"ProcessGetUpdates", "result":"Done", "context":{"dataType":"Autofill", "deleted":"0", "process_failed_to_decrypt":"0", "process_pending_decryption":"0", "process_success":"82", "total":"82"}}
{"logTime": "0612/075339", "correlationVector":"LblNd5bIbZ9Hpx3L2hCvup.4","action":"ProcessGetUpdates", "result":"Done", "context":{"dataType":"Sessions", "deleted":"132", "process_failed_to_decrypt":"0", "process_pending_decryption":"0", "process_success":"132", "total":"132"}}
{"logTime": "0612/075339", "correlationVector":"LblNd5bIbZ9Hpx3L2hCvup.5","action":"ProcessGetUpdates", "result":"Done", "context":{"dataType":"Web Apps", "deleted":"0", "process_failed_to_decrypt":"0", "process_pending_decryption":"0", "process_success":"1", "total":"1"}}
{"logTime": "0612/075339", "correlationVector":"LblNd5bIbZ9Hpx3L2hCvup.6","action":"ProcessGetUpdates", "result":"Done", "context":{"dataType":"Edge Hub App Usage", "deleted":"9", "process_failed_to_decrypt":"0", "process_pending_decryption":"0", "process_success":"15", "total":"15"}}
{"logTime": "0612/075339", "correlationVector":"LblNd5bIbZ9Hpx3L2hCvup.7","action":"GetUpdates Response", "result":"Success", "context":Received 250 update(s). cV=LblNd5bIbZ9Hpx3L2hCvup.0;server=akswtt008000031;cloudType=Consumer;environment=Prod_southeastasia_prod-s01-065-apac-southeastasia;migrationStage=NotStarted Some updates remain.}
{"logTime": "0612/075339", "correlationVector":"6zelCFsvfZSQa/yaH5pfrW","action":"Initial GetUpdates", "result":"", "context":Reason: NEWLY_SUPPORTED_DATATYPE. cV=6zelCFsvfZSQa/yaH5pfrW}
{"logTime": "0612/075342", "correlationVector":"6zelCFsvfZSQa/yaH5pfrW.1","action":"SyncServerConnectionManagerRequest", "result":"SYNC_SERVER_OK", "context":{"environment":"Prod_southeastasia_prod-s01-065-apac-southeastasia", "migrationStage":"NotStarted", "server":"akswtt00800000c"}}
{"logTime": "0612/075342", "correlationVector":"6zelCFsvfZSQa/yaH5pfrW.2","action":"ProcessGetUpdates", "result":"Done", "context":{"dataType":"Autofill Profiles", "deleted":"0", "process_failed_to_decrypt":"0", "process_pending_decryption":"0", "process_success":"58", "total":"58"}}
{"logTime": "0612/075342", "correlationVector":"6zelCFsvfZSQa/yaH5pfrW.3","action":"ProcessGetUpdates", "result":"Done", "context":{"dataType":"Autofill", "deleted":"0", "process_failed_to_decrypt":"0", "process_pending_decryption":"0", "process_success":"192", "total":"192"}}
{"logTime": "0612/075342", "correlationVector":"6zelCFsvfZSQa/yaH5pfrW.4","action":"GetUpdates Response", "result":"Success", "context":Received 250 update(s). cV=6zelCFsvfZSQa/yaH5pfrW.0;server=akswtt00800000c;cloudType=Consumer;environment=Prod_southeastasia_prod-s01-065-apac-southeastasia;migrationStage=NotStarted Some updates remain.}
{"logTime": "0612/075342", "correlationVector":"SiC8L+QgHglP0CBG4+FmH2","action":"Initial GetUpdates", "result":"", "context":Reason: NEWLY_SUPPORTED_DATATYPE. cV=SiC8L+QgHglP0CBG4+FmH2}
{"logTime": "0612/075343", "correlationVector":"SiC8L+QgHglP0CBG4+FmH2.1","action":"SyncServerConnectionManagerRequest", "result":"SYNC_SERVER_OK", "context":{"environment":"Prod_southeastasia_prod-s01-065-apac-southeastasia", "migrationStage":"NotStarted", "server":"akswtt00800001s"}}
{"logTime": "0612/075343", "correlationVector":"SiC8L+QgHglP0CBG4+FmH2.2","action":"ProcessGetUpdates", "result":"Done", "context":{"dataType":"Autofill", "deleted":"0", "process_failed_to_decrypt":"0", "process_pending_decryption":"0", "process_success":"250", "total":"250"}}
{"logTime": "0612/075343", "correlationVector":"SiC8L+QgHglP0CBG4+FmH2.3","action":"GetUpdates Response", "result":"Success", "context":Received 250 update(s). cV=SiC8L+QgHglP0CBG4+FmH2.0;server=akswtt00800001s;cloudType=Consumer;environment=Prod_southeastasia_prod-s01-065-apac-southeastasia;migrationStage=NotStarted Some updates remain.}
{"logTime": "0612/075343", "correlationVector":"sv6Ukhxg9tW5aEOCGYpZu6","action":"Initial GetUpdates", "result":"", "context":Reason: NEWLY_SUPPORTED_DATATYPE. cV=sv6Ukhxg9tW5aEOCGYpZu6}
{"logTime": "0612/075345", "correlationVector":"sv6Ukhxg9tW5aEOCGYpZu6.1","action":"SyncServerConnectionManagerRequest", "result":"SYNC_SERVER_OK", "context":{"environment":"Prod_southeastasia_prod-s01-065-apac-southeastasia", "migrationStage":"NotStarted", "server":"akswtt008000028"}}
{"logTime": "0612/075345", "correlationVector":"sv6Ukhxg9tW5aEOCGYpZu6.2","action":"ProcessGetUpdates", "result":"Done", "context":{"dataType":"Autofill", "deleted":"0", "process_failed_to_decrypt":"0", "process_pending_decryption":"0", "process_success":"250", "total":"250"}}
{"logTime": "0612/075345", "correlationVector":"sv6Ukhxg9tW5aEOCGYpZu6.3","action":"GetUpdates Response", "result":"Success", "context":Received 250 update(s). cV=sv6Ukhxg9tW5aEOCGYpZu6.0;server=akswtt008000028;cloudType=Consumer;environment=Prod_southeastasia_prod-s01-065-apac-southeastasia;migrationStage=NotStarted Some updates remain.}
{"logTime": "0612/075345", "correlationVector":"L3kvOEvImtxB0DDpnKwlHC","action":"Initial GetUpdates", "result":"", "context":Reason: NEWLY_SUPPORTED_DATATYPE. cV=L3kvOEvImtxB0DDpnKwlHC}
{"logTime": "0612/075347", "correlationVector":"L3kvOEvImtxB0DDpnKwlHC.1","action":"SyncServerConnectionManagerRequest", "result":"SYNC_SERVER_OK", "context":{"environment":"Prod_southeastasia_prod-s01-065-apac-southeastasia", "migrationStage":"NotStarted", "server":"akswtt00800003n"}}
{"logTime": "0612/075347", "correlationVector":"L3kvOEvImtxB0DDpnKwlHC.2","action":"ProcessGetUpdates", "result":"Done", "context":{"dataType":"Autofill", "deleted":"0", "process_failed_to_decrypt":"0", "process_pending_decryption":"0", "process_success":"250", "total":"250"}}
{"logTime": "0612/075347", "correlationVector":"L3kvOEvImtxB0DDpnKwlHC.3","action":"GetUpdates Response", "result":"Success", "context":Received 250 update(s). cV=L3kvOEvImtxB0DDpnKwlHC.0;server=akswtt00800003n;cloudType=Consumer;environment=Prod_southeastasia_prod-s01-065-apac-southeastasia;migrationStage=NotStarted Some updates remain.}
{"logTime": "0612/075347", "correlationVector":"JeDyMj3WmyB70rkqNBehIA","action":"Initial GetUpdates", "result":"", "context":Reason: NEWLY_SUPPORTED_DATATYPE. cV=JeDyMj3WmyB70rkqNBehIA}
{"logTime": "0612/075348", "correlationVector":"JeDyMj3WmyB70rkqNBehIA.1","action":"SyncServerConnectionManagerRequest", "result":"SYNC_SERVER_OK", "context":{"environment":"Prod_southeastasia_prod-s01-065-apac-southeastasia", "migrationStage":"NotStarted", "server":"akswtt00800002a"}}
{"logTime": "0612/075348", "correlationVector":"JeDyMj3WmyB70rkqNBehIA.2","action":"ProcessGetUpdates", "result":"Done", "context":{"dataType":"Autofill", "deleted":"0", "process_failed_to_decrypt":"0", "process_pending_decryption":"0", "process_success":"183", "total":"183"}}
{"logTime": "0612/075348", "correlationVector":"JeDyMj3WmyB70rkqNBehIA.3","action":"ProcessGetUpdates", "result":"Done", "context":{"dataType":"Sessions", "deleted":"14", "process_failed_to_decrypt":"0", "process_pending_decryption":"0", "process_success":"17", "total":"17"}}
{"logTime": "0612/075348", "correlationVector":"JeDyMj3WmyB70rkqNBehIA.4","action":"ProcessGetUpdates", "result":"Done", "context":{"dataType":"Edge Hub App Usage", "deleted":"3", "process_failed_to_decrypt":"0", "process_pending_decryption":"0", "process_success":"3", "total":"3"}}
{"logTime": "0612/075348", "correlationVector":"JeDyMj3WmyB70rkqNBehIA.5","action":"GetUpdates Response", "result":"Success", "context":Received 203 update(s). cV=JeDyMj3WmyB70rkqNBehIA.0;server=akswtt00800002a;cloudType=Consumer;environment=Prod_southeastasia_prod-s01-065-apac-southeastasia;migrationStage=NotStarted}
{"logTime": "0612/075348", "correlationVector":"TuNeeEV/p4zUcioCxQrcVV","action":"Initial GetUpdates", "result":"", "context":Reason: NEWLY_SUPPORTED_DATATYPE. cV=TuNeeEV/p4zUcioCxQrcVV}
{"logTime": "0612/075348", "correlationVector":"TuNeeEV/p4zUcioCxQrcVV.1","action":"SyncServerConnectionManagerRequest", "result":"SYNC_SERVER_OK", "context":{"environment":"Prod_southeastasia_prod-s01-065-apac-southeastasia", "migrationStage":"NotStarted", "server":"akswtt00800002a"}}
{"logTime": "0612/075348", "correlationVector":"TuNeeEV/p4zUcioCxQrcVV.2","action":"GetUpdates Response", "result":"Success", "context":Received 0 update(s). cV=TuNeeEV/p4zUcioCxQrcVV.0;server=akswtt00800002a;cloudType=Consumer;environment=Prod_southeastasia_prod-s01-065-apac-southeastasia;migrationStage=NotStarted}
{"logTime": "0612/075348", "correlationVector":"SH66UHZFyULHAUkq1Aj8XP","action":"Normal GetUpdate request", "result":"", "context":cV=SH66UHZFyULHAUkq1Aj8XP
Nudged types: Sessions, Device Info, User Consents
Refresh requested types: Bookmarks, Preferences, Passwords, Autofill Profiles, Autofill, Extensions, Sessions, Extension settings, History Delete Directives, Device Info, User Consents, Send Tab To Self, Web Apps, History, Saved Tab Group, WebAuthn Credentials, Collection, Edge E Drop, Edge Hub App Usage, Edge Wallet, Encryption Keys}
{"logTime": "0612/075349", "correlationVector":"SH66UHZFyULHAUkq1Aj8XP.1","action":"SyncServerConnectionManagerRequest", "result":"SYNC_SERVER_OK", "context":{"environment":"Prod_southeastasia_prod-s01-065-apac-southeastasia", "migrationStage":"NotStarted", "server":"akswtt00800001x"}}
{"logTime": "0612/075349", "correlationVector":"SH66UHZFyULHAUkq1Aj8XP.2","action":"GetUpdates Response", "result":"Success", "context":Received 0 update(s). cV=SH66UHZFyULHAUkq1Aj8XP.0;server=akswtt00800001x;cloudType=Consumer;environment=Prod_southeastasia_prod-s01-065-apac-southeastasia;migrationStage=NotStarted}
{"logTime": "0612/075349", "correlationVector":"pExDRxW4geBDSGqut+EW8/","action":"DoCompareDataConsistency requsted types: ", "result":"Bookmarks, Preferences, Passwords, Extensions, Extension settings, History Delete Directives, Send Tab To Self, Web Apps, History, Saved Tab Group, WebAuthn Credentials, Collection, Edge E Drop, Edge Wallet, Encryption Keys"}
{"logTime": "0612/075349", "correlationVector":"pExDRxW4geBDSGqut+EW8/.0","action":"CompareDataConsistency result: ", "result":"Compare result: Encryption Keys is consistent. local entities count is: 1 local entities hash is: WVv007J5h2c7bBWBRyrqaCwCOe4="}
{"logTime": "0612/075349", "correlationVector":"pExDRxW4geBDSGqut+EW8/.1","action":"CompareDataConsistency result: ", "result":"Compare result: Bookmarks is consistent. local entities count is: 3 local entities hash is: okcctRpaXOm0/3pX9dwkEom/Gb8="}
{"logTime": "0612/075349", "correlationVector":"pExDRxW4geBDSGqut+EW8/.2","action":"CompareDataConsistency result: ", "result":"Compare result: Preferences is consistent. local entities count is: 72 local entities hash is: P0qNa2Bt9zmskqeS/4raP+MTtVg="}
{"logTime": "0612/075349", "correlationVector":"pExDRxW4geBDSGqut+EW8/.3","action":"CompareDataConsistency result: ", "result":"Compare result: Extensions is consistent. local entities count is: 0 local entities hash is: "}
{"logTime": "0612/075349", "correlationVector":"pExDRxW4geBDSGqut+EW8/.4","action":"CompareDataConsistency result: ", "result":"Compare result: Extension settings is consistent. local entities count is: 0 local entities hash is: "}
{"logTime": "0612/075349", "correlationVector":"pExDRxW4geBDSGqut+EW8/.5","action":"CompareDataConsistency result: ", "result":"Compare result: History Delete Directives is consistent. local entities count is: 0 local entities hash is: "}
{"logTime": "0612/075349", "correlationVector":"pExDRxW4geBDSGqut+EW8/.6","action":"CompareDataConsistency result: ", "result":"Server did not send this Send Tab To Self local entities count is: 0 local entities hash is: "}
{"logTime": "0612/075349", "correlationVector":"pExDRxW4geBDSGqut+EW8/.7","action":"CompareDataConsistency result: ", "result":"Compare result: Web Apps is consistent. local entities count is: 1 local entities hash is: arsy0xAltLAtJjZjCOvO3dk5tEQ="}
{"logTime": "0612/075349", "correlationVector":"pExDRxW4geBDSGqut+EW8/.8","action":"CompareDataConsistency result: ", "result":"Server did not send this History local entities count is: 0 local entities hash is: "}
{"logTime": "0612/075349", "correlationVector":"pExDRxW4geBDSGqut+EW8/.9","action":"CompareDataConsistency result: ", "result":"Compare result: Saved Tab Group is consistent. local entities count is: 0 local entities hash is: "}
{"logTime": "0612/075349", "correlationVector":"pExDRxW4geBDSGqut+EW8/.10","action":"CompareDataConsistency result: ", "result":"Server did not send this WebAuthn Credentials local entities count is: 0 local entities hash is: "}
{"logTime": "0612/075349", "correlationVector":"pExDRxW4geBDSGqut+EW8/.11","action":"CompareDataConsistency result: ", "result":"Compare result: Collection is consistent. local entities count is: 0 local entities hash is: "}
{"logTime": "0612/075349", "correlationVector":"pExDRxW4geBDSGqut+EW8/.12","action":"CompareDataConsistency result: ", "result":"Compare result: Edge E Drop is consistent. local entities count is: 0 local entities hash is: "}
{"logTime": "0612/075349", "correlationVector":"pExDRxW4geBDSGqut+EW8/.13","action":"CompareDataConsistency result: ", "result":"Compare result: Edge Wallet is consistent. local entities count is: 0 local entities hash is: "}
{"logTime": "0612/075349", "correlationVector":"pExDRxW4geBDSGqut+EW8/.14","action":"CompareDataConsistency result: ", "result":"Compare result: Passwords is consistent. local entities count is: 117 local entities hash is: JDhnpyHCpX9JNlGlHsn+fsT2KJA="}
{"logTime": "0612/075349", "correlationVector":"yyT2VXOBeTwqLqbQJgut1Z","action":"Commit Request", "result":"", "context":Item count: 5
Contributing types: Sessions, Device Info, User Consents}
{"logTime": "0612/075350", "correlationVector":"yyT2VXOBeTwqLqbQJgut1Z.1","action":"SyncServerConnectionManagerRequest", "result":"SYNC_SERVER_OK", "context":{"environment":"Prod_southeastasia_prod-s01-065-apac-southeastasia", "migrationStage":"NotStarted", "server":"akswtt00800003z"}}
{"logTime": "0612/075350", "correlationVector":"yyT2VXOBeTwqLqbQJgut1Z.2","action":"Commit Response", "result":"Success", "context":Result: Success. cV=yyT2VXOBeTwqLqbQJgut1Z.0;server=akswtt00800003z;cloudType=Consumer;environment=Prod_southeastasia_prod-s01-065-apac-southeastasia;migrationStage=NotStarted}
{"logTime": "0612/075350", "correlationVector":"","action":"DIAGNOSTIC_REQUEST|v1/diagnosticData/Diagnostic.SendCheckResult()|SUCCESS", "result":""}
{"logTime": "0612/075353", "correlationVector":"zs0DqIkQmiT7eSSpx0MNuO","action":"Commit Request", "result":"", "context":Item count: 1
Contributing types: Preferences}
{"logTime": "0612/075354", "correlationVector":"zs0DqIkQmiT7eSSpx0MNuO.1","action":"SyncServerConnectionManagerRequest", "result":"SYNC_SERVER_OK", "context":{"environment":"Prod_southeastasia_prod-s01-065-apac-southeastasia", "migrationStage":"NotStarted", "server":"akswtt00800003m"}}
{"logTime": "0612/075354", "correlationVector":"zs0DqIkQmiT7eSSpx0MNuO.2","action":"Commit Response", "result":"Success", "context":Result: Success. cV=zs0DqIkQmiT7eSSpx0MNuO.0;server=akswtt00800003m;cloudType=Consumer;environment=Prod_southeastasia_prod-s01-065-apac-southeastasia;migrationStage=NotStarted}
{"logTime": "0612/075421", "correlationVector":"JF1v9vpSHOz8hhE0O0h8ml","action":"Commit Request", "result":"", "context":Item count: 40
Contributing types: Passwords}
{"logTime": "0612/075424", "correlationVector":"JF1v9vpSHOz8hhE0O0h8ml.1","action":"SyncServerConnectionManagerRequest", "result":"SYNC_SERVER_OK", "context":{"environment":"Prod_southeastasia_prod-s01-064-apac-southeastasia", "migrationStage":"NotStarted", "server":"akswtt00800000p"}}
{"logTime": "0612/075424", "correlationVector":"JF1v9vpSHOz8hhE0O0h8ml.2","action":"Commit Response", "result":"Success", "context":Result: Success. cV=JF1v9vpSHOz8hhE0O0h8ml.0;server=akswtt00800000p;cloudType=Consumer;environment=Prod_southeastasia_prod-s01-064-apac-southeastasia;migrationStage=NotStarted}
{"logTime": "0612/075424", "correlationVector":"q9vcZweHkS+9I2RBaFIa7c","action":"Commit Request", "result":"", "context":Item count: 40
Contributing types: Passwords}
{"logTime": "0612/075427", "correlationVector":"q9vcZweHkS+9I2RBaFIa7c.1","action":"SyncServerConnectionManagerRequest", "result":"SYNC_SERVER_OK", "context":{"environment":"Prod_southeastasia_prod-s01-064-apac-southeastasia", "migrationStage":"NotStarted", "server":"akswtt00800002e"}}
{"logTime": "0612/075427", "correlationVector":"q9vcZweHkS+9I2RBaFIa7c.2","action":"Commit Response", "result":"Success", "context":Result: Success. cV=q9vcZweHkS+9I2RBaFIa7c.0;server=akswtt00800002e;cloudType=Consumer;environment=Prod_southeastasia_prod-s01-064-apac-southeastasia;migrationStage=NotStarted}
{"logTime": "0612/075427", "correlationVector":"BtULV8g4b63VVrbKmU1c1q","action":"Commit Request", "result":"", "context":Item count: 5
Contributing types: Passwords}
{"logTime": "0612/075428", "correlationVector":"BtULV8g4b63VVrbKmU1c1q.1","action":"SyncServerConnectionManagerRequest", "result":"SYNC_SERVER_OK", "context":{"environment":"Prod_southeastasia_prod-s01-064-apac-southeastasia", "migrationStage":"NotStarted", "server":"akswtt008000040"}}
{"logTime": "0612/075428", "correlationVector":"BtULV8g4b63VVrbKmU1c1q.2","action":"Commit Response", "result":"Success", "context":Result: Success. cV=BtULV8g4b63VVrbKmU1c1q.0;server=akswtt008000040;cloudType=Consumer;environment=Prod_southeastasia_prod-s01-064-apac-southeastasia;migrationStage=NotStarted}
{"logTime": "0612/075522", "correlationVector":"VAuFOI5Vs69zf0OmJv4np+","action":"Commit Request", "result":"", "context":Item count: 40
Contributing types: Passwords}
{"logTime": "0612/075524", "correlationVector":"VAuFOI5Vs69zf0OmJv4np+.1","action":"SyncServerConnectionManagerRequest", "result":"SYNC_SERVER_OK", "context":{"environment":"Prod_southeastasia_prod-s01-065-apac-southeastasia", "migrationStage":"NotStarted", "server":"akswtt00800002j"}}
{"logTime": "0612/075524", "correlationVector":"VAuFOI5Vs69zf0OmJv4np+.2","action":"Commit Response", "result":"Success", "context":Result: Success. cV=VAuFOI5Vs69zf0OmJv4np+.0;server=akswtt00800002j;cloudType=Consumer;environment=Prod_southeastasia_prod-s01-065-apac-southeastasia;migrationStage=NotStarted}
{"logTime": "0612/075524", "correlationVector":"qawdHQbhi/PMZ+Re2TuS4s","action":"Commit Request", "result":"", "context":Item count: 40
Contributing types: Passwords}
{"logTime": "0612/075526", "correlationVector":"qawdHQbhi/PMZ+Re2TuS4s.1","action":"SyncServerConnectionManagerRequest", "result":"SYNC_SERVER_OK", "context":{"environment":"Prod_southeastasia_prod-s01-065-apac-southeastasia", "migrationStage":"NotStarted", "server":"akswtt008000029"}}
{"logTime": "0612/075526", "correlationVector":"qawdHQbhi/PMZ+Re2TuS4s.2","action":"Commit Response", "result":"Success", "context":Result: Success. cV=qawdHQbhi/PMZ+Re2TuS4s.0;server=akswtt008000029;cloudType=Consumer;environment=Prod_southeastasia_prod-s01-065-apac-southeastasia;migrationStage=NotStarted}
{"logTime": "0612/075526", "correlationVector":"XPOx1FTRC45OC1QKHVZhHa","action":"Commit Request", "result":"", "context":Item count: 3
Contributing types: Preferences, Passwords}
{"logTime": "0612/075527", "correlationVector":"XPOx1FTRC45OC1QKHVZhHa.1","action":"SyncServerConnectionManagerRequest", "result":"SYNC_SERVER_OK", "context":{"environment":"Prod_southeastasia_prod-s01-065-apac-southeastasia", "migrationStage":"NotStarted", "server":"akswtt00800002y"}}
{"logTime": "0612/075527", "correlationVector":"XPOx1FTRC45OC1QKHVZhHa.2","action":"Commit Response", "result":"Success", "context":Result: Success. cV=XPOx1FTRC45OC1QKHVZhHa.0;server=akswtt00800002y;cloudType=Consumer;environment=Prod_southeastasia_prod-s01-065-apac-southeastasia;migrationStage=NotStarted}
{"logTime": "0612/075637", "correlationVector":"HUR/Vb/xHMCbifD5co28ko","action":"Commit Request", "result":"", "context":Item count: 2
Contributing types: Sessions, History}
{"logTime": "0612/075638", "correlationVector":"HUR/Vb/xHMCbifD5co28ko.1","action":"SyncServerConnectionManagerRequest", "result":"SYNC_SERVER_OK", "context":{"environment":"Prod_southeastasia_prod-s01-065-apac-southeastasia", "migrationStage":"NotStarted", "server":"akswtt008000016"}}
{"logTime": "0612/075638", "correlationVector":"HUR/Vb/xHMCbifD5co28ko.2","action":"Commit Response", "result":"Success", "context":Result: Success. cV=HUR/Vb/xHMCbifD5co28ko.0;server=akswtt008000016;cloudType=Consumer;environment=Prod_southeastasia_prod-s01-065-apac-southeastasia;migrationStage=NotStarted}
{"logTime": "0612/083906", "correlationVector":"otN/2Lp55sZk7bHdUeZ9RX","action":"Commit Request", "result":"", "context":Item count: 1
Contributing types: Sessions}
{"logTime": "0612/083906", "correlationVector":"otN/2Lp55sZk7bHdUeZ9RX.1","action":"SyncServerConnectionManagerRequest", "result":"SYNC_SERVER_OK", "context":{"environment":"Prod_southeastasia_prod-s01-064-apac-southeastasia", "migrationStage":"NotStarted", "server":"akswtt00800001m"}}
{"logTime": "0612/083906", "correlationVector":"otN/2Lp55sZk7bHdUeZ9RX.2","action":"Commit Response", "result":"Success", "context":Result: Success. cV=otN/2Lp55sZk7bHdUeZ9RX.0;server=akswtt00800001m;cloudType=Consumer;environment=Prod_southeastasia_prod-s01-064-apac-southeastasia;migrationStage=NotStarted}
{"logTime": "0612/084307", "correlationVector":"/3x1BuJ2ZFWw0ijS34XfO9","action":"Commit Request", "result":"", "context":Item count: 4
Contributing types: Sessions, History}
{"logTime": "0612/084308", "correlationVector":"/3x1BuJ2ZFWw0ijS34XfO9.1","action":"SyncServerConnectionManagerRequest", "result":"SYNC_SERVER_OK", "context":{"environment":"Prod_southeastasia_prod-s01-064-apac-southeastasia", "migrationStage":"NotStarted", "server":"akswtt008000038"}}
{"logTime": "0612/084308", "correlationVector":"/3x1BuJ2ZFWw0ijS34XfO9.2","action":"Commit Response", "result":"Success", "context":Result: Success. cV=/3x1BuJ2ZFWw0ijS34XfO9.0;server=akswtt008000038;cloudType=Consumer;environment=Prod_southeastasia_prod-s01-064-apac-southeastasia;migrationStage=NotStarted}
{"logTime": "0612/084440", "correlationVector":"ROaDJbaLWxCdniOquYo9Gf","action":"Commit Request", "result":"", "context":Item count: 5
Contributing types: Sessions, History}
{"logTime": "0612/084441", "correlationVector":"ROaDJbaLWxCdniOquYo9Gf.1","action":"SyncServerConnectionManagerRequest", "result":"SYNC_SERVER_OK", "context":{"environment":"Prod_southeastasia_prod-s01-064-apac-southeastasia", "migrationStage":"NotStarted", "server":"akswtt00800000p"}}
{"logTime": "0612/084441", "correlationVector":"ROaDJbaLWxCdniOquYo9Gf.2","action":"Commit Response", "result":"Success", "context":Result: Success. cV=ROaDJbaLWxCdniOquYo9Gf.0;server=akswtt00800000p;cloudType=Consumer;environment=Prod_southeastasia_prod-s01-064-apac-southeastasia;migrationStage=NotStarted}
{"logTime": "0612/084700", "correlationVector":"YYD4IXSBqXRuf+gk+zGdL4","action":"Commit Request", "result":"", "context":Item count: 8
Contributing types: Sessions, History}
{"logTime": "0612/084701", "correlationVector":"YYD4IXSBqXRuf+gk+zGdL4.1","action":"SyncServerConnectionManagerRequest", "result":"SYNC_SERVER_OK", "context":{"environment":"Prod_southeastasia_prod-s01-065-apac-southeastasia", "migrationStage":"NotStarted", "server":"akswtt00800001m"}}
{"logTime": "0612/084701", "correlationVector":"YYD4IXSBqXRuf+gk+zGdL4.2","action":"Commit Response", "result":"Success", "context":Result: Success. cV=YYD4IXSBqXRuf+gk+zGdL4.0;server=akswtt00800001m;cloudType=Consumer;environment=Prod_southeastasia_prod-s01-065-apac-southeastasia;migrationStage=NotStarted}
{"logTime": "0612/084801", "correlationVector":"XQf1Ix5yWKzoL+je0fDwcO","action":"Commit Request", "result":"", "context":Item count: 3
Contributing types: Sessions, History}
{"logTime": "0612/084801", "correlationVector":"XQf1Ix5yWKzoL+je0fDwcO.1","action":"SyncServerConnectionManagerRequest", "result":"SYNC_SERVER_OK", "context":{"environment":"Prod_southeastasia_prod-s01-065-apac-southeastasia", "migrationStage":"NotStarted", "server":"akswtt00800001a"}}
{"logTime": "0612/084801", "correlationVector":"XQf1Ix5yWKzoL+je0fDwcO.2","action":"Commit Response", "result":"Success", "context":Result: Success. cV=XQf1Ix5yWKzoL+je0fDwcO.0;server=akswtt00800001a;cloudType=Consumer;environment=Prod_southeastasia_prod-s01-065-apac-southeastasia;migrationStage=NotStarted}
{"logTime": "0612/085038", "correlationVector":"nKIFpl31lnhVHy4HhOWpWV","action":"Commit Request", "result":"", "context":Item count: 3
Contributing types: Sessions, History}
{"logTime": "0612/085039", "correlationVector":"nKIFpl31lnhVHy4HhOWpWV.1","action":"SyncServerConnectionManagerRequest", "result":"SYNC_SERVER_OK", "context":{"environment":"Prod_southeastasia_prod-s01-064-apac-southeastasia", "migrationStage":"NotStarted", "server":"akswtt00800003c"}}
{"logTime": "0612/085039", "correlationVector":"nKIFpl31lnhVHy4HhOWpWV.2","action":"Commit Response", "result":"Success", "context":Result: Success. cV=nKIFpl31lnhVHy4HhOWpWV.0;server=akswtt00800003c;cloudType=Consumer;environment=Prod_southeastasia_prod-s01-064-apac-southeastasia;migrationStage=NotStarted}
{"logTime": "0612/085332", "correlationVector":"gzXi3iqIPNxD3sd3t0Lz2z.1","action":"SyncServerConnectionManagerRequest", "result":"SYNC_SERVER_OK", "context":{"environment":"Prod_southeastasia_prod-s01-064-apac-southeastasia", "migrationStage":"NotStarted", "server":"akswtt00800004j"}}
{"logTime": "0612/085332", "correlationVector":"gzXi3iqIPNxD3sd3t0Lz2z.2","action":"ProcessGetUpdates", "result":"Done", "context":{"dataType":"Encryption Keys", "deleted":"0", "process_failed_to_decrypt":"0", "process_pending_decryption":"0", "process_success":"1", "total":"1"}}
{"logTime": "0612/085333", "correlationVector":"597Qax2ZNjXQwcMjVVnqrT","action":"SyncServerConnectionManagerRequest", "result":"SYNC_SERVER_OK", "context":{"environment":"", "migrationStage":"", "server":""}}
{"logTime": "0612/085333", "correlationVector":"597Qax2ZNjXQwcMjVVnqrT.0","action":"EncryptionKeysFetcher.DownloadKeys:", "result":"Success", "context":Key count: 5, Last key timestamp: 2025-06-03T06:47:54Z}
{"logTime": "0612/085333", "correlationVector":"597Qax2ZNjXQwcMjVVnqrT.1","action":"EncryptionKeysManager::SetEncryptionKeys:", "result":"Success", "context":Key names[5]:[FHZvUg2qoJJzJ3NhyjXMf6Kgb61RZQJi13PkSnPmKAIBfyWRGE94qdpdqhtAezUzNp15gx3BvA/leWraJnbwqw==][6TUYicVR7cNaPCrUgLfBWohDDt7UCrdjZyonriYqUInvR7m8Zzu9T9ThQeGz9w5e9meMbQ/1vlhYA69rTWdE6w==][EqaoFpSZd+b2K2nnDh4rh79ZQiNBMA64mfOIklgSjkC9QI2prdXd49YtFt1hWiVFMlJvUM4TUOkGMnuZkesGeA==][XhJMHmlX0PvqJu9xj0BJmmzYrkDuJJtxID+hbBx+SbX3i3zAuBM1gSljSgCw1xdPl2xDbexW3c/6dBUKSpGszg==][adZm5nYiM+4QYzGtwinRiXQbntjGvrhlGyo18rQwldMHFH4OdXDu3e1Hjcy30oeAXyyU4sKy+M3yg+jiVLUXcA==]}
{"logTime": "0612/085333", "correlationVector":"597Qax2ZNjXQwcMjVVnqrT.2","action":"EncryptionKeysManager::SetEncryptionKeysWithTimestamps:", "result":"Success", "context":Key timestamps[5]:[2023-03-27T19:12:56Z][2023-10-18T13:25:25Z][2024-06-06T17:34:33Z][2024-12-04T14:46:35Z][2025-06-03T06:47:54Z]}
{"logTime": "0612/085333", "correlationVector":"gzXi3iqIPNxD3sd3t0Lz2z","action":"Initial GetUpdates", "result":"", "context":Reason: NEW_CLIENT. cV=gzXi3iqIPNxD3sd3t0Lz2z}
{"logTime": "0612/085333", "correlationVector":"gzXi3iqIPNxD3sd3t0Lz2z.3","action":"GetUpdates Response", "result":"Success", "context":Received 1 update(s). cV=gzXi3iqIPNxD3sd3t0Lz2z.0;server=akswtt00800004j;cloudType=Consumer;environment=Prod_southeastasia_prod-s01-064-apac-southeastasia;migrationStage=NotStarted}
{"logTime": "0612/085333", "correlationVector":"ScagXsZYagcwd4cTGp3T66","action":"Initial GetUpdates", "result":"", "context":Reason: NEWLY_SUPPORTED_DATATYPE. cV=ScagXsZYagcwd4cTGp3T66}
{"logTime": "0612/085335", "correlationVector":"ScagXsZYagcwd4cTGp3T66.1","action":"SyncServerConnectionManagerRequest", "result":"SYNC_SERVER_OK", "context":{"environment":"Prod_southeastasia_prod-s01-065-apac-southeastasia", "migrationStage":"NotStarted", "server":"akswtt008000001"}}
{"logTime": "0612/085335", "correlationVector":"ScagXsZYagcwd4cTGp3T66.2","action":"ProcessGetUpdates", "result":"Done", "context":{"dataType":"Passwords", "deleted":"8", "process_failed_to_decrypt":"0", "process_pending_decryption":"0", "process_success":"125", "total":"125"}}
{"logTime": "0612/085335", "correlationVector":"ScagXsZYagcwd4cTGp3T66.3","action":"GetUpdates Response", "result":"Success", "context":Received 125 update(s). cV=ScagXsZYagcwd4cTGp3T66.0;server=akswtt008000001;cloudType=Consumer;environment=Prod_southeastasia_prod-s01-065-apac-southeastasia;migrationStage=NotStarted}
{"logTime": "0612/085335", "correlationVector":"aNWNDlW4J2XNYYIvX8cDqU","action":"Normal GetUpdate request", "result":"", "context":cV=aNWNDlW4J2XNYYIvX8cDqU
Nudged types: Sessions, History
Refresh requested types: Bookmarks, Preferences, Passwords, Autofill Profiles, Autofill, Extensions, Sessions, Extension settings, History Delete Directives, Device Info, User Consents, Send Tab To Self, Web Apps, History, Saved Tab Group, WebAuthn Credentials, Collection, Edge E Drop, Edge Hub App Usage, Edge Wallet, Encryption Keys}
{"logTime": "0612/085335", "correlationVector":"aNWNDlW4J2XNYYIvX8cDqU.1","action":"SyncServerConnectionManagerRequest", "result":"SYNC_SERVER_OK", "context":{"environment":"Prod_southeastasia_prod-s01-065-apac-southeastasia", "migrationStage":"NotStarted", "server":"akswtt008000025"}}
{"logTime": "0612/085335", "correlationVector":"aNWNDlW4J2XNYYIvX8cDqU.2","action":"ProcessGetUpdates", "result":"Done", "context":{"dataType":"Preferences", "deleted":"0", "process_failed_to_decrypt":"0", "process_pending_decryption":"0", "process_success":"2", "total":"2"}}
{"logTime": "0612/085335", "correlationVector":"aNWNDlW4J2XNYYIvX8cDqU.3","action":"ProcessGetUpdates", "result":"Done", "context":{"dataType":"Sessions", "deleted":"0", "process_failed_to_decrypt":"0", "process_pending_decryption":"0", "process_success":"2", "total":"2"}}
{"logTime": "0612/085335", "correlationVector":"aNWNDlW4J2XNYYIvX8cDqU.4","action":"ProcessGetUpdates", "result":"Done", "context":{"dataType":"Device Info", "deleted":"0", "process_failed_to_decrypt":"0", "process_pending_decryption":"0", "process_success":"1", "total":"1"}}
{"logTime": "0612/085335", "correlationVector":"aNWNDlW4J2XNYYIvX8cDqU.5","action":"ProcessGetUpdates", "result":"Done", "context":{"dataType":"History", "deleted":"0", "process_failed_to_decrypt":"0", "process_pending_decryption":"0", "process_success":"14", "total":"14"}}
{"logTime": "0612/085335", "correlationVector":"aNWNDlW4J2XNYYIvX8cDqU.6","action":"GetUpdates Response", "result":"Success", "context":Received 19 update(s). cV=aNWNDlW4J2XNYYIvX8cDqU.0;server=akswtt008000025;cloudType=Consumer;environment=Prod_southeastasia_prod-s01-065-apac-southeastasia;migrationStage=NotStarted}
{"logTime": "0612/085335", "correlationVector":"/zffGFra8vm0bJEmubPaLl","action":"Commit Request", "result":"", "context":Item count: 6
Contributing types: Passwords, Sessions, History}
{"logTime": "0612/085336", "correlationVector":"/zffGFra8vm0bJEmubPaLl.1","action":"SyncServerConnectionManagerRequest", "result":"SYNC_SERVER_OK", "context":{"environment":"Prod_southeastasia_prod-s01-065-apac-southeastasia", "migrationStage":"NotStarted", "server":"akswtt00800001v"}}
{"logTime": "0612/085336", "correlationVector":"/zffGFra8vm0bJEmubPaLl.2","action":"Commit Response", "result":"Success", "context":Result: Success. cV=/zffGFra8vm0bJEmubPaLl.0;server=akswtt00800001v;cloudType=Consumer;environment=Prod_southeastasia_prod-s01-065-apac-southeastasia;migrationStage=NotStarted}
{"logTime": "0612/085433", "correlationVector":"rbxDdoXKr76legzmGMkF3C","action":"Commit Request", "result":"", "context":Item count: 40
Contributing types: Passwords}
{"logTime": "0612/085436", "correlationVector":"rbxDdoXKr76legzmGMkF3C.1","action":"SyncServerConnectionManagerRequest", "result":"SYNC_SERVER_OK", "context":{"environment":"Prod_southeastasia_prod-s01-065-apac-southeastasia", "migrationStage":"NotStarted", "server":"akswtt00800003d"}}
{"logTime": "0612/085436", "correlationVector":"rbxDdoXKr76legzmGMkF3C.2","action":"Commit Response", "result":"Success", "context":Result: Success. cV=rbxDdoXKr76legzmGMkF3C.0;server=akswtt00800003d;cloudType=Consumer;environment=Prod_southeastasia_prod-s01-065-apac-southeastasia;migrationStage=NotStarted}
{"logTime": "0612/085436", "correlationVector":"pgQATTeUhGpn9Kc7ticCDl","action":"Commit Request", "result":"", "context":Item count: 40
Contributing types: Passwords}
{"logTime": "0612/085437", "correlationVector":"pgQATTeUhGpn9Kc7ticCDl","action":"SyncServerConnectionManagerRequest", "result":"CONNECTION_UNAVAILABLE", "context":{"error_type":"net_error_code", "error_value":"-3"}}
{"logTime": "0612/085526", "correlationVector":"m6vCsipzoaEGTcQZIu62SK.1","action":"SyncServerConnectionManagerRequest", "result":"SYNC_SERVER_OK", "context":{"environment":"Prod_southeastasia_prod-s01-065-apac-southeastasia", "migrationStage":"NotStarted", "server":"akswtt00800002f"}}
{"logTime": "0612/085526", "correlationVector":"m6vCsipzoaEGTcQZIu62SK.2","action":"ProcessGetUpdates", "result":"Done", "context":{"dataType":"Encryption Keys", "deleted":"0", "process_failed_to_decrypt":"0", "process_pending_decryption":"0", "process_success":"1", "total":"1"}}
{"logTime": "0612/085528", "correlationVector":"lOJBFYIYfClNz/xi5VvEeV","action":"SyncServerConnectionManagerRequest", "result":"SYNC_SERVER_OK", "context":{"environment":"", "migrationStage":"", "server":""}}
{"logTime": "0612/085528", "correlationVector":"lOJBFYIYfClNz/xi5VvEeV.0","action":"EncryptionKeysFetcher.DownloadKeys:", "result":"Success", "context":Key count: 5, Last key timestamp: 2025-06-03T06:47:54Z}
{"logTime": "0612/085528", "correlationVector":"lOJBFYIYfClNz/xi5VvEeV.1","action":"EncryptionKeysManager::SetEncryptionKeys:", "result":"Success", "context":Key names[5]:[FHZvUg2qoJJzJ3NhyjXMf6Kgb61RZQJi13PkSnPmKAIBfyWRGE94qdpdqhtAezUzNp15gx3BvA/leWraJnbwqw==][6TUYicVR7cNaPCrUgLfBWohDDt7UCrdjZyonriYqUInvR7m8Zzu9T9ThQeGz9w5e9meMbQ/1vlhYA69rTWdE6w==][EqaoFpSZd+b2K2nnDh4rh79ZQiNBMA64mfOIklgSjkC9QI2prdXd49YtFt1hWiVFMlJvUM4TUOkGMnuZkesGeA==][XhJMHmlX0PvqJu9xj0BJmmzYrkDuJJtxID+hbBx+SbX3i3zAuBM1gSljSgCw1xdPl2xDbexW3c/6dBUKSpGszg==][adZm5nYiM+4QYzGtwinRiXQbntjGvrhlGyo18rQwldMHFH4OdXDu3e1Hjcy30oeAXyyU4sKy+M3yg+jiVLUXcA==]}
{"logTime": "0612/085528", "correlationVector":"lOJBFYIYfClNz/xi5VvEeV.2","action":"EncryptionKeysManager::SetEncryptionKeysWithTimestamps:", "result":"Success", "context":Key timestamps[5]:[2023-03-27T19:12:56Z][2023-10-18T13:25:25Z][2024-06-06T17:34:33Z][2024-12-04T14:46:35Z][2025-06-03T06:47:54Z]}
{"logTime": "0612/085528", "correlationVector":"m6vCsipzoaEGTcQZIu62SK","action":"Initial GetUpdates", "result":"", "context":Reason: NEW_CLIENT. cV=m6vCsipzoaEGTcQZIu62SK}
{"logTime": "0612/085528", "correlationVector":"m6vCsipzoaEGTcQZIu62SK.3","action":"GetUpdates Response", "result":"Success", "context":Received 1 update(s). cV=m6vCsipzoaEGTcQZIu62SK.0;server=akswtt00800002f;cloudType=Consumer;environment=Prod_southeastasia_prod-s01-065-apac-southeastasia;migrationStage=NotStarted}
{"logTime": "0612/085528", "correlationVector":"d+zx/VpVk9brDV9rZDtonZ","action":"Initial GetUpdates", "result":"", "context":Reason: NEWLY_SUPPORTED_DATATYPE. cV=d+zx/VpVk9brDV9rZDtonZ}
{"logTime": "0612/085529", "correlationVector":"d+zx/VpVk9brDV9rZDtonZ.1","action":"SyncServerConnectionManagerRequest", "result":"SYNC_SERVER_OK", "context":{"environment":"Prod_southeastasia_prod-s01-064-apac-southeastasia", "migrationStage":"NotStarted", "server":"akswtt00800002u"}}
{"logTime": "0612/085529", "correlationVector":"d+zx/VpVk9brDV9rZDtonZ.2","action":"ProcessGetUpdates", "result":"Done", "context":{"dataType":"Passwords", "deleted":"8", "process_failed_to_decrypt":"0", "process_pending_decryption":"0", "process_success":"125", "total":"125"}}
{"logTime": "0612/085529", "correlationVector":"d+zx/VpVk9brDV9rZDtonZ.3","action":"GetUpdates Response", "result":"Success", "context":Received 125 update(s). cV=d+zx/VpVk9brDV9rZDtonZ.0;server=akswtt00800002u;cloudType=Consumer;environment=Prod_southeastasia_prod-s01-064-apac-southeastasia;migrationStage=NotStarted}
{"logTime": "0612/085529", "correlationVector":"6Fra2v6C7x+QK3RVxS3oWe","action":"Normal GetUpdate request", "result":"", "context":cV=6Fra2v6C7x+QK3RVxS3oWe
Nudged types: Preferences, Sessions, History
Refresh requested types: Bookmarks, Preferences, Passwords, Autofill Profiles, Autofill, Extensions, Sessions, Extension settings, History Delete Directives, Device Info, User Consents, Send Tab To Self, Web Apps, History, Saved Tab Group, WebAuthn Credentials, Collection, Edge E Drop, Edge Hub App Usage, Edge Wallet, Encryption Keys}
{"logTime": "0612/085529", "correlationVector":"6Fra2v6C7x+QK3RVxS3oWe.1","action":"SyncServerConnectionManagerRequest", "result":"SYNC_SERVER_OK", "context":{"environment":"Prod_southeastasia_prod-s01-064-apac-southeastasia", "migrationStage":"NotStarted", "server":"akswtt00800003a"}}
{"logTime": "0612/085529", "correlationVector":"6Fra2v6C7x+QK3RVxS3oWe.2","action":"ProcessGetUpdates", "result":"Done", "context":{"dataType":"Sessions", "deleted":"0", "process_failed_to_decrypt":"0", "process_pending_decryption":"0", "process_success":"3", "total":"3"}}
{"logTime": "0612/085529", "correlationVector":"6Fra2v6C7x+QK3RVxS3oWe.3","action":"ProcessGetUpdates", "result":"Done", "context":{"dataType":"History", "deleted":"0", "process_failed_to_decrypt":"0", "process_pending_decryption":"0", "process_success":"2", "total":"2"}}
{"logTime": "0612/085529", "correlationVector":"6Fra2v6C7x+QK3RVxS3oWe.4","action":"GetUpdates Response", "result":"Success", "context":Received 5 update(s). cV=6Fra2v6C7x+QK3RVxS3oWe.0;server=akswtt00800003a;cloudType=Consumer;environment=Prod_southeastasia_prod-s01-064-apac-southeastasia;migrationStage=NotStarted}
{"logTime": "0612/085529", "correlationVector":"STl32P92LN3oOeICYguC5Y","action":"Commit Request", "result":"", "context":Item count: 7
Contributing types: Preferences, Sessions, History}
{"logTime": "0612/085530", "correlationVector":"STl32P92LN3oOeICYguC5Y.1","action":"SyncServerConnectionManagerRequest", "result":"SYNC_SERVER_OK", "context":{"environment":"Prod_southeastasia_prod-s01-064-apac-southeastasia", "migrationStage":"NotStarted", "server":"akswtt008000012"}}
{"logTime": "0612/085530", "correlationVector":"STl32P92LN3oOeICYguC5Y.2","action":"Commit Response", "result":"Success", "context":Result: Success. cV=STl32P92LN3oOeICYguC5Y.0;server=akswtt008000012;cloudType=Consumer;environment=Prod_southeastasia_prod-s01-064-apac-southeastasia;migrationStage=NotStarted}
{"logTime": "0612/085626", "correlationVector":"y0/4na6Mbs5xPBPbsijLJr","action":"Commit Request", "result":"", "context":Item count: 40
Contributing types: Passwords}
{"logTime": "0612/085628", "correlationVector":"y0/4na6Mbs5xPBPbsijLJr.1","action":"SyncServerConnectionManagerRequest", "result":"SYNC_SERVER_OK", "context":{"environment":"Prod_southeastasia_prod-s01-064-apac-southeastasia", "migrationStage":"NotStarted", "server":"akswtt008000046"}}
{"logTime": "0612/085628", "correlationVector":"y0/4na6Mbs5xPBPbsijLJr.2","action":"Commit Response", "result":"Success", "context":Result: Success. cV=y0/4na6Mbs5xPBPbsijLJr.0;server=akswtt008000046;cloudType=Consumer;environment=Prod_southeastasia_prod-s01-064-apac-southeastasia;migrationStage=NotStarted}
{"logTime": "0612/085628", "correlationVector":"BdGjSGWIivqf7MitPfy3JY","action":"Commit Request", "result":"", "context":Item count: 40
Contributing types: Passwords}
{"logTime": "0612/085629", "correlationVector":"BdGjSGWIivqf7MitPfy3JY.1","action":"SyncServerConnectionManagerRequest", "result":"SYNC_SERVER_OK", "context":{"environment":"Prod_southeastasia_prod-s01-064-apac-southeastasia", "migrationStage":"NotStarted", "server":"akswtt008000046"}}
{"logTime": "0612/085629", "correlationVector":"BdGjSGWIivqf7MitPfy3JY.2","action":"Commit Response", "result":"Success", "context":Result: Success. cV=BdGjSGWIivqf7MitPfy3JY.0;server=akswtt008000046;cloudType=Consumer;environment=Prod_southeastasia_prod-s01-064-apac-southeastasia;migrationStage=NotStarted}
{"logTime": "0612/085629", "correlationVector":"X8ZmhJcnkSgdcT0MVJnDRN","action":"Commit Request", "result":"", "context":Item count: 6
Contributing types: Preferences, Passwords, Sessions, History}
{"logTime": "0612/085630", "correlationVector":"X8ZmhJcnkSgdcT0MVJnDRN.1","action":"SyncServerConnectionManagerRequest", "result":"SYNC_SERVER_OK", "context":{"environment":"Prod_southeastasia_prod-s01-064-apac-southeastasia", "migrationStage":"NotStarted", "server":"akswtt00800000g"}}
{"logTime": "0612/085630", "correlationVector":"X8ZmhJcnkSgdcT0MVJnDRN.3","action":"Commit.Sessions", "result":"Success", "context":{"id":"26bfc2af-615d-422e-885f-c84e5cacd63a", "isDeleted":"true", "size":"0", "version":"1749718530931"}}
{"logTime": "0612/085630", "correlationVector":"X8ZmhJcnkSgdcT0MVJnDRN.2","action":"Commit Response", "result":"Success", "context":Result: Success. cV=X8ZmhJcnkSgdcT0MVJnDRN.0;server=akswtt00800000g;cloudType=Consumer;environment=Prod_southeastasia_prod-s01-064-apac-southeastasia;migrationStage=NotStarted}
