2025-06-12 07:53:21.421: [INFO][Sync] Reset engine, reason: 8
2025-06-12 07:53:21.421: [INFO][Sync] Stopped: Bookmarks
2025-06-12 07:53:21.421: [INFO][Sync] Stopped: Preferences
2025-06-12 07:53:21.421: [INFO][Sync] Stopped: Passwords
2025-06-12 07:53:21.421: [INFO][Sync] Stopped: Autofill Profiles
2025-06-12 07:53:21.421: [INFO][Sync] Stopped: Autofill
2025-06-12 07:53:21.421: [INFO][Sync] Stopped: Extensions
2025-06-12 07:53:21.421: [INFO][Sync] Stopped: Sessions
2025-06-12 07:53:21.421: [INFO][Sync] Stopped: Extension settings
2025-06-12 07:53:21.421: [INFO][Sync] Stopped: History Delete Directives
2025-06-12 07:53:21.421: [INFO][Sync] Stopped: Device Info
2025-06-12 07:53:21.421: [INFO][Sync] Stopped: User Consents
2025-06-12 07:53:21.421: [INFO][Sync] Stopped: Send Tab To Self
2025-06-12 07:53:21.421: [INFO][Sync] Stopped: Web Apps
2025-06-12 07:53:21.421: [INFO][Sync] Stopped: History
2025-06-12 07:53:21.421: [INFO][Sync] Stopped: Saved Tab Group
2025-06-12 07:53:21.421: [INFO][Sync] Stopped: WebAuthn Credentials
2025-06-12 07:53:21.421: [INFO][Sync] Stopped: Collection
2025-06-12 07:53:21.421: [INFO][Sync] Stopped: Edge E Drop
2025-06-12 07:53:21.421: [INFO][Sync] Stopped: Edge Hub App Usage
2025-06-12 07:53:21.421: [INFO][Sync] Stopped: Edge Wallet
2025-06-12 07:53:21.421: [INFO][Sync] SyncState after authenticated was: NotSignedIn
2025-06-12 07:53:21.651: [INFO][Sync] Reset engine, reason: 8
2025-06-12 07:53:21.651: [INFO][Sync] Stopped: Bookmarks
2025-06-12 07:53:21.651: [INFO][Sync] Stopped: Preferences
2025-06-12 07:53:21.651: [INFO][Sync] Stopped: Passwords
2025-06-12 07:53:21.651: [INFO][Sync] Stopped: Autofill Profiles
2025-06-12 07:53:21.651: [INFO][Sync] Stopped: Autofill
2025-06-12 07:53:21.651: [INFO][Sync] Stopped: Extensions
2025-06-12 07:53:21.651: [INFO][Sync] Stopped: Sessions
2025-06-12 07:53:21.651: [INFO][Sync] Stopped: Extension settings
2025-06-12 07:53:21.651: [INFO][Sync] Stopped: History Delete Directives
2025-06-12 07:53:21.651: [INFO][Sync] Stopped: Device Info
2025-06-12 07:53:21.651: [INFO][Sync] Stopped: User Consents
2025-06-12 07:53:21.651: [INFO][Sync] Stopped: Send Tab To Self
2025-06-12 07:53:21.651: [INFO][Sync] Stopped: Web Apps
2025-06-12 07:53:21.651: [INFO][Sync] Stopped: History
2025-06-12 07:53:21.651: [INFO][Sync] Stopped: Saved Tab Group
2025-06-12 07:53:21.651: [INFO][Sync] Stopped: WebAuthn Credentials
2025-06-12 07:53:21.651: [INFO][Sync] Stopped: Collection
2025-06-12 07:53:21.652: [INFO][Sync] Stopped: Edge E Drop
2025-06-12 07:53:21.652: [INFO][Sync] Stopped: Edge Hub App Usage
2025-06-12 07:53:21.652: [INFO][Sync] Stopped: Edge Wallet
2025-06-12 07:53:21.865: [INFO][Sync] Try to start sync engine
2025-06-12 07:53:21.867: [INFO][SyncManagerImpl::NudgeForInitialDownload] Initial download nudge for Encryption Keys
2025-06-12 07:53:21.867: [INFO][SyncEngineBackend::LoadAndConnectNigoriController] Load and connect Nigori controller
2025-06-12 07:53:21.867: [INFO][SyncEngineBackend::DoInitialize] Control Types added: Encryption Keys
2025-06-12 07:53:21.867: [INFO][SyncManagerImpl::ConfigureSyncer] Types to download: Encryption Keys with reason: 3
2025-06-12 07:53:21.867: [INFO][SyncSchedulerImpl::DoConfigurationSyncCycleJob] Configure job was blocked
2025-06-12 07:53:22.279: [INFO][SyncAuthManager::SetLastAuthError] Current auth error: None
2025-06-12 07:53:22.280: [INFO][SyncAuthManager::EdgeLogTokenErrorState] Token error with: None for account type: MSA
2025-06-12 07:53:22.280: [INFO][Sync] Credentials changed for: EdgeSyncScopeNew
2025-06-12 07:53:25.911: [INFO][SyncAuthManager::SetLastAuthError] Current auth error: None
2025-06-12 07:53:25.911: [INFO][SyncAuthManager::EdgeLogTokenErrorState] Token error with: None for account type: MSA
2025-06-12 07:53:25.911: [INFO][Sync] Credentials changed for: EdgeSyncKeyDataScope
2025-06-12 07:53:25.911: [INFO][SyncEngineBackend::DoUpdateKeyDataCredentials] Update key data credentials
2025-06-12 07:53:25.911: [INFO][SyncEngineBackend::DoUpdateCredentials] Update credentials
2025-06-12 07:53:25.911: [INFO][SyncSchedulerImpl::DoConfigurationSyncCycleJob] Blocked types:  and types to download: Encryption Keys
2025-06-12 07:53:28.102: [INFO][Sync] Started DataTypeManager configuration, reason: 4
2025-06-12 07:53:28.103: [INFO][Sync] Configuring for: Bookmarks, Preferences, Passwords, Autofill Profiles, Autofill, Extensions, Sessions, Extension settings, History Delete Directives, Device Info, User Consents, Send Tab To Self, Web Apps, History, Saved Tab Group, WebAuthn Credentials, Collection, Edge E Drop, Edge Hub App Usage, Edge Wallet, Encryption Keys, reason: 3, current state: 0
2025-06-12 07:53:28.103: [WARN][Sync] Crypto error data types: Passwords, Autofill Profiles, Autofill
2025-06-12 07:53:28.105: [INFO][Sync] Configure, desired: Bookmarks, Preferences, Extensions, Sessions, Extension settings, History Delete Directives, Device Info, User Consents, Send Tab To Self, Web Apps, History, Saved Tab Group, WebAuthn Credentials, Collection, Edge E Drop, Edge Hub App Usage, Edge Wallet, Encryption Keys; Allow fail: Passwords, Autofill Profiles, Autofill
2025-06-12 07:53:28.105: [INFO][Sync] Loading: Bookmarks
2025-06-12 07:53:28.105: [INFO][Sync] Loading: Preferences
2025-06-12 07:53:28.105: [INFO][Sync] Loading: Extensions
2025-06-12 07:53:28.106: [INFO][Sync] Loading: Sessions
2025-06-12 07:53:28.106: [INFO][Sync] Loading: Extension settings
2025-06-12 07:53:28.106: [INFO][Sync] Loading: History Delete Directives
2025-06-12 07:53:28.106: [INFO][Sync] Loading: Device Info
2025-06-12 07:53:28.106: [INFO][Sync] Loading: User Consents
2025-06-12 07:53:28.106: [INFO][Sync] Loading: Send Tab To Self
2025-06-12 07:53:28.106: [INFO][Sync] Loading: Web Apps
2025-06-12 07:53:28.106: [INFO][Sync] Loading: History
2025-06-12 07:53:28.106: [INFO][Sync] Loading: Saved Tab Group
2025-06-12 07:53:28.106: [INFO][Sync] Loading: WebAuthn Credentials
2025-06-12 07:53:28.106: [INFO][Sync] Loading: Collection
2025-06-12 07:53:28.106: [INFO][Sync] Loading: Edge E Drop
2025-06-12 07:53:28.106: [INFO][Sync] Loading: Edge Hub App Usage
2025-06-12 07:53:28.106: [INFO][Sync] Loading: Edge Wallet
2025-06-12 07:53:28.108: [INFO][Sync] All data types are ready for configure.
2025-06-12 07:53:28.769: [INFO][Sync] Started DataTypeManager configuration, reason: 5
2025-06-12 07:53:28.769: [INFO][Sync] Configuring for: Bookmarks, Preferences, Passwords, Autofill Profiles, Autofill, Extensions, Sessions, Extension settings, History Delete Directives, Device Info, User Consents, Send Tab To Self, Web Apps, History, Saved Tab Group, WebAuthn Credentials, Collection, Edge E Drop, Edge Hub App Usage, Edge Wallet, Encryption Keys, reason: 5, current state: 1
2025-06-12 07:53:28.778: [INFO][SyncEngineBackend::DoStartConfiguration] Start configuration
2025-06-12 07:53:28.778: [INFO][SyncManagerImpl::NudgeForInitialDownload] Initial download nudge for Bookmarks
2025-06-12 07:53:28.778: [INFO][SyncManagerImpl::NudgeForInitialDownload] Initial download nudge for Preferences
2025-06-12 07:53:28.778: [INFO][SyncManagerImpl::NudgeForInitialDownload] Initial download nudge for Extensions
2025-06-12 07:53:28.778: [INFO][SyncManagerImpl::NudgeForInitialDownload] Initial download nudge for Sessions
2025-06-12 07:53:28.778: [INFO][SyncManagerImpl::NudgeForInitialDownload] Initial download nudge for Extension settings
2025-06-12 07:53:28.778: [INFO][SyncManagerImpl::NudgeForInitialDownload] Initial download nudge for History Delete Directives
2025-06-12 07:53:28.778: [INFO][SyncManagerImpl::NudgeForInitialDownload] Initial download nudge for Device Info
2025-06-12 07:53:28.778: [INFO][SyncManagerImpl::NudgeForInitialDownload] Initial download nudge for Send Tab To Self
2025-06-12 07:53:28.778: [INFO][SyncManagerImpl::NudgeForInitialDownload] Initial download nudge for Web Apps
2025-06-12 07:53:28.778: [INFO][SyncManagerImpl::NudgeForInitialDownload] Initial download nudge for History
2025-06-12 07:53:28.778: [INFO][SyncManagerImpl::NudgeForInitialDownload] Initial download nudge for Saved Tab Group
2025-06-12 07:53:28.778: [INFO][SyncManagerImpl::NudgeForInitialDownload] Initial download nudge for WebAuthn Credentials
2025-06-12 07:53:28.778: [INFO][SyncManagerImpl::NudgeForInitialDownload] Initial download nudge for Collection
2025-06-12 07:53:28.778: [INFO][SyncManagerImpl::NudgeForInitialDownload] Initial download nudge for Edge E Drop
2025-06-12 07:53:28.778: [INFO][SyncManagerImpl::NudgeForInitialDownload] Initial download nudge for Edge Hub App Usage
2025-06-12 07:53:28.778: [INFO][SyncManagerImpl::NudgeForInitialDownload] Initial download nudge for Edge Wallet
2025-06-12 07:53:28.778: [INFO][SyncManagerImpl::ConfigureSyncer] Types to download:  with reason: 3
2025-06-12 07:53:28.778: [INFO][SyncEngineBackend::DoFinishConfigureDataTypes] Failed to download types:  and succeeded types: 
2025-06-12 07:53:28.781: [INFO][Sync] ConfigurationDone, failed: , succeeded: , remaining count: 4
2025-06-12 07:53:28.782: [WARN][Sync]     Reconfigure requested while configuration ongoing.
2025-06-12 07:53:28.782: [INFO][Sync] Configuring for: Bookmarks, Preferences, Passwords, Autofill Profiles, Autofill, Extensions, Sessions, Extension settings, History Delete Directives, Device Info, User Consents, Send Tab To Self, Web Apps, History, Saved Tab Group, WebAuthn Credentials, Collection, Edge E Drop, Edge Hub App Usage, Edge Wallet, Encryption Keys, reason: 5, current state: 2
2025-06-12 07:53:28.782: [INFO][Sync] Configure, desired: Bookmarks, Preferences, Passwords, Autofill Profiles, Autofill, Extensions, Sessions, Extension settings, History Delete Directives, Device Info, User Consents, Send Tab To Self, Web Apps, History, Saved Tab Group, WebAuthn Credentials, Collection, Edge E Drop, Edge Hub App Usage, Edge Wallet, Encryption Keys; Allow fail: 
2025-06-12 07:53:28.782: [INFO][Sync] Loading: Passwords
2025-06-12 07:53:28.782: [INFO][Sync] Loading: Autofill Profiles
2025-06-12 07:53:28.782: [INFO][Sync] Loading: Autofill
2025-06-12 07:53:28.782: [INFO][Sync] All data types are ready for configure.
2025-06-12 07:53:28.782: [INFO][SyncManagerImpl::NudgeForInitialDownload] Initial download nudge for Passwords
2025-06-12 07:53:28.782: [INFO][SyncManagerImpl::NudgeForInitialDownload] Initial download nudge for Autofill Profiles
2025-06-12 07:53:28.782: [INFO][SyncManagerImpl::NudgeForInitialDownload] Initial download nudge for Autofill
2025-06-12 07:53:28.782: [INFO][SyncManagerImpl::ConfigureSyncer] Types to download:  with reason: 5
2025-06-12 07:53:28.782: [INFO][SyncEngineBackend::DoFinishConfigureDataTypes] Failed to download types:  and succeeded types: 
2025-06-12 07:53:28.783: [INFO][Sync] ConfigurationDone, failed: , succeeded: , remaining count: 4
2025-06-12 07:53:28.783: [INFO][Sync] Prepare to configure types: Preferences, Passwords, Device Info, Send Tab To Self, Edge E Drop, Encryption Keys
2025-06-12 07:53:28.783: [INFO][SyncManagerImpl::ConfigureSyncer] Types to download: Preferences, Passwords, Device Info, Send Tab To Self, Edge E Drop, Encryption Keys with reason: 5
2025-06-12 07:53:28.783: [INFO][SyncSchedulerImpl::DoConfigurationSyncCycleJob] Blocked types:  and types to download: Preferences, Passwords, Device Info, Send Tab To Self, Edge E Drop, Encryption Keys
2025-06-12 07:53:33.972: [INFO][SyncEngineBackend::DoFinishConfigureDataTypes] Failed to download types:  and succeeded types: Preferences, Passwords, Device Info, Send Tab To Self, Edge E Drop, Encryption Keys
2025-06-12 07:53:33.975: [INFO][Sync] ConfigurationDone, failed: , succeeded: Preferences, Passwords, Device Info, Send Tab To Self, Edge E Drop, Encryption Keys, remaining count: 3
2025-06-12 07:53:33.975: [INFO][Sync] Prepare to configure types: Bookmarks, Encryption Keys
2025-06-12 07:53:33.976: [INFO][SyncManagerImpl::ConfigureSyncer] Types to download: Bookmarks, Encryption Keys with reason: 5
2025-06-12 07:53:33.976: [INFO][SyncSchedulerImpl::DoConfigurationSyncCycleJob] Blocked types:  and types to download: Bookmarks, Encryption Keys
2025-06-12 07:53:35.067: [INFO][SyncEngineBackend::DoFinishConfigureDataTypes] Failed to download types:  and succeeded types: Bookmarks, Encryption Keys
2025-06-12 07:53:35.073: [INFO][Sync] ConfigurationDone, failed: , succeeded: Bookmarks, Encryption Keys, remaining count: 2
2025-06-12 07:53:35.074: [INFO][Sync] Prepare to configure types: Autofill Profiles, Autofill, Extensions, Sessions, Extension settings, History Delete Directives, Web Apps, Saved Tab Group, WebAuthn Credentials, Collection, Edge Hub App Usage, Edge Wallet, Encryption Keys
2025-06-12 07:53:35.074: [INFO][SyncManagerImpl::ConfigureSyncer] Types to download: Autofill Profiles, Autofill, Extensions, Sessions, Extension settings, History Delete Directives, Web Apps, Saved Tab Group, WebAuthn Credentials, Collection, Edge Hub App Usage, Edge Wallet, Encryption Keys with reason: 5
2025-06-12 07:53:35.074: [INFO][SyncSchedulerImpl::DoConfigurationSyncCycleJob] Blocked types:  and types to download: Autofill Profiles, Autofill, Extensions, Sessions, Extension settings, History Delete Directives, Web Apps, Saved Tab Group, WebAuthn Credentials, Collection, Edge Hub App Usage, Edge Wallet, Encryption Keys
2025-06-12 07:53:48.581: [INFO][SyncEngineBackend::DoFinishConfigureDataTypes] Failed to download types:  and succeeded types: Autofill Profiles, Autofill, Extensions, Sessions, Extension settings, History Delete Directives, Web Apps, Saved Tab Group, WebAuthn Credentials, Collection, Edge Hub App Usage, Edge Wallet, Encryption Keys
2025-06-12 07:53:48.582: [INFO][Sync] ConfigurationDone, failed: , succeeded: Autofill Profiles, Autofill, Extensions, Sessions, Extension settings, History Delete Directives, Web Apps, Saved Tab Group, WebAuthn Credentials, Collection, Edge Hub App Usage, Edge Wallet, Encryption Keys, remaining count: 1
2025-06-12 07:53:48.584: [INFO][Sync] Prepare to configure types: History, Encryption Keys
2025-06-12 07:53:48.584: [INFO][SyncManagerImpl::ConfigureSyncer] Types to download: History, Encryption Keys with reason: 5
2025-06-12 07:53:48.584: [INFO][SyncSchedulerImpl::DoConfigurationSyncCycleJob] Blocked types:  and types to download: History, Encryption Keys
2025-06-12 07:53:48.771: [INFO][SyncEngineBackend::DoFinishConfigureDataTypes] Failed to download types:  and succeeded types: History, Encryption Keys
2025-06-12 07:53:48.777: [INFO][Sync] ConfigurationDone, failed: , succeeded: History, Encryption Keys, remaining count: 0
2025-06-12 07:53:48.783: [INFO][Sync]     Configuration completed, state: 7
2025-06-12 07:53:48.783: [INFO][Sync] Configured DataTypeManager: Ok
2025-06-12 07:53:48.789: [INFO][SyncEngineBackend::DoStartSyncing] Start syncing
2025-06-12 08:52:12.686: [INFO][Sync] Reset engine, reason: 0
2025-06-12 08:52:12.686: [INFO][Sync] Reset engine with reason: 0
2025-06-12 08:53:27.412: [INFO][Sync] SyncState after authenticated was: FeatureCanStart
2025-06-12 08:53:27.989: [INFO][Sync] Try to start sync engine
2025-06-12 08:53:27.991: [INFO][SyncManagerImpl::NudgeForInitialDownload] Initial download nudge for Encryption Keys
2025-06-12 08:53:27.991: [INFO][SyncEngineBackend::LoadAndConnectNigoriController] Load and connect Nigori controller
2025-06-12 08:53:27.991: [INFO][SyncEngineBackend::DoInitialize] Control Types added: Encryption Keys
2025-06-12 08:53:27.991: [INFO][SyncManagerImpl::ConfigureSyncer] Types to download: Encryption Keys with reason: 3
2025-06-12 08:53:27.991: [INFO][SyncSchedulerImpl::DoConfigurationSyncCycleJob] Configure job was blocked
2025-06-12 08:53:28.038: [INFO][SyncAuthManager::SetLastAuthError] Current auth error: None
2025-06-12 08:53:28.038: [INFO][SyncAuthManager::EdgeLogTokenErrorState] Token error with: None for account type: MSA
2025-06-12 08:53:28.038: [INFO][Sync] Credentials changed for: EdgeSyncScopeNew
2025-06-12 08:53:30.999: [INFO][SyncAuthManager::SetLastAuthError] Current auth error: None
2025-06-12 08:53:30.999: [INFO][SyncAuthManager::EdgeLogTokenErrorState] Token error with: None for account type: MSA
2025-06-12 08:53:30.999: [INFO][Sync] Credentials changed for: EdgeSyncKeyDataScope
2025-06-12 08:53:31.000: [INFO][SyncEngineBackend::DoUpdateKeyDataCredentials] Update key data credentials
2025-06-12 08:53:31.000: [INFO][SyncEngineBackend::DoUpdateCredentials] Update credentials
2025-06-12 08:53:31.000: [INFO][SyncSchedulerImpl::DoConfigurationSyncCycleJob] Blocked types:  and types to download: Encryption Keys
2025-06-12 08:53:32.092: [INFO][Sync] Started DataTypeManager configuration, reason: 4
2025-06-12 08:53:32.092: [INFO][Sync] Configuring for: Bookmarks, Preferences, Passwords, Autofill Profiles, Autofill, Extensions, Sessions, Extension settings, History Delete Directives, Device Info, User Consents, Send Tab To Self, Web Apps, History, Saved Tab Group, WebAuthn Credentials, Collection, Edge E Drop, Edge Hub App Usage, Edge Wallet, Encryption Keys, reason: 4, current state: 0
2025-06-12 08:53:32.092: [WARN][Sync] Crypto error data types: Passwords, Autofill Profiles, Autofill
2025-06-12 08:53:32.102: [INFO][Sync] Configure, desired: Bookmarks, Preferences, Extensions, Sessions, Extension settings, History Delete Directives, Device Info, User Consents, Send Tab To Self, Web Apps, History, Saved Tab Group, WebAuthn Credentials, Collection, Edge E Drop, Edge Hub App Usage, Edge Wallet, Encryption Keys; Allow fail: Passwords, Autofill Profiles, Autofill
2025-06-12 08:53:32.102: [INFO][Sync] Loading: Bookmarks
2025-06-12 08:53:32.102: [INFO][Sync] Loading: Preferences
2025-06-12 08:53:32.102: [INFO][Sync] Loading: Extensions
2025-06-12 08:53:32.102: [INFO][Sync] Loading: Sessions
2025-06-12 08:53:32.102: [INFO][Sync] Loading: Extension settings
2025-06-12 08:53:32.102: [INFO][Sync] Loading: History Delete Directives
2025-06-12 08:53:32.102: [INFO][Sync] Loading: Device Info
2025-06-12 08:53:32.102: [INFO][Sync] Loading: User Consents
2025-06-12 08:53:32.102: [INFO][Sync] Loading: Send Tab To Self
2025-06-12 08:53:32.102: [INFO][Sync] Loading: Web Apps
2025-06-12 08:53:32.102: [INFO][Sync] Loading: History
2025-06-12 08:53:32.102: [INFO][Sync] Loading: Saved Tab Group
2025-06-12 08:53:32.102: [INFO][Sync] Loading: WebAuthn Credentials
2025-06-12 08:53:32.102: [INFO][Sync] Loading: Collection
2025-06-12 08:53:32.102: [INFO][Sync] Loading: Edge E Drop
2025-06-12 08:53:32.102: [INFO][Sync] Loading: Edge Hub App Usage
2025-06-12 08:53:32.102: [INFO][Sync] Loading: Edge Wallet
2025-06-12 08:53:32.116: [INFO][Sync] All data types are ready for configure.
2025-06-12 08:53:33.331: [INFO][SyncEngineBackend::DoStartConfiguration] Start configuration
2025-06-12 08:53:33.331: [INFO][SyncManagerImpl::ConfigureSyncer] Types to download:  with reason: 4
2025-06-12 08:53:33.331: [INFO][SyncEngineBackend::DoFinishConfigureDataTypes] Failed to download types:  and succeeded types: 
2025-06-12 08:53:33.332: [INFO][Sync] Started DataTypeManager configuration, reason: 5
2025-06-12 08:53:33.332: [INFO][Sync] Configuring for: Bookmarks, Preferences, Passwords, Autofill Profiles, Autofill, Extensions, Sessions, Extension settings, History Delete Directives, Device Info, User Consents, Send Tab To Self, Web Apps, History, Saved Tab Group, WebAuthn Credentials, Collection, Edge E Drop, Edge Hub App Usage, Edge Wallet, Encryption Keys, reason: 5, current state: 1
2025-06-12 08:53:33.338: [INFO][Sync] ConfigurationDone, failed: , succeeded: , remaining count: 4
2025-06-12 08:53:33.338: [WARN][Sync]     Reconfigure requested while configuration ongoing.
2025-06-12 08:53:33.338: [INFO][Sync] Configuring for: Bookmarks, Preferences, Passwords, Autofill Profiles, Autofill, Extensions, Sessions, Extension settings, History Delete Directives, Device Info, User Consents, Send Tab To Self, Web Apps, History, Saved Tab Group, WebAuthn Credentials, Collection, Edge E Drop, Edge Hub App Usage, Edge Wallet, Encryption Keys, reason: 5, current state: 2
2025-06-12 08:53:33.338: [INFO][Sync] Configure, desired: Bookmarks, Preferences, Passwords, Autofill Profiles, Autofill, Extensions, Sessions, Extension settings, History Delete Directives, Device Info, User Consents, Send Tab To Self, Web Apps, History, Saved Tab Group, WebAuthn Credentials, Collection, Edge E Drop, Edge Hub App Usage, Edge Wallet, Encryption Keys; Allow fail: 
2025-06-12 08:53:33.338: [INFO][Sync] Loading: Passwords
2025-06-12 08:53:33.338: [INFO][Sync] Loading: Autofill Profiles
2025-06-12 08:53:33.338: [INFO][Sync] Loading: Autofill
2025-06-12 08:53:33.339: [INFO][Sync] All data types are ready for configure.
2025-06-12 08:53:33.339: [INFO][SyncManagerImpl::NudgeForInitialDownload] Initial download nudge for Passwords
2025-06-12 08:53:33.339: [INFO][SyncManagerImpl::ConfigureSyncer] Types to download:  with reason: 5
2025-06-12 08:53:33.339: [INFO][SyncEngineBackend::DoFinishConfigureDataTypes] Failed to download types:  and succeeded types: 
2025-06-12 08:53:33.339: [INFO][Sync] ConfigurationDone, failed: , succeeded: , remaining count: 4
2025-06-12 08:53:33.339: [INFO][Sync] Prepare to configure types: Passwords, Encryption Keys
2025-06-12 08:53:33.340: [INFO][SyncManagerImpl::ConfigureSyncer] Types to download: Passwords, Encryption Keys with reason: 5
2025-06-12 08:53:33.340: [INFO][SyncSchedulerImpl::DoConfigurationSyncCycleJob] Blocked types:  and types to download: Passwords, Encryption Keys
2025-06-12 08:53:35.112: [INFO][SyncEngineBackend::DoFinishConfigureDataTypes] Failed to download types:  and succeeded types: Passwords, Encryption Keys
2025-06-12 08:53:35.118: [INFO][Sync] ConfigurationDone, failed: , succeeded: Passwords, Encryption Keys, remaining count: 3
2025-06-12 08:53:35.118: [INFO][SyncManagerImpl::ConfigureSyncer] Types to download:  with reason: 5
2025-06-12 08:53:35.118: [INFO][SyncEngineBackend::DoFinishConfigureDataTypes] Failed to download types:  and succeeded types: 
2025-06-12 08:53:35.118: [INFO][Sync] ConfigurationDone, failed: , succeeded: , remaining count: 2
2025-06-12 08:53:35.118: [INFO][SyncManagerImpl::ConfigureSyncer] Types to download:  with reason: 5
2025-06-12 08:53:35.118: [INFO][SyncEngineBackend::DoFinishConfigureDataTypes] Failed to download types:  and succeeded types: 
2025-06-12 08:53:35.120: [INFO][Sync] ConfigurationDone, failed: , succeeded: , remaining count: 1
2025-06-12 08:53:35.127: [INFO][SyncManagerImpl::ConfigureSyncer] Types to download:  with reason: 5
2025-06-12 08:53:35.127: [INFO][SyncEngineBackend::DoFinishConfigureDataTypes] Failed to download types:  and succeeded types: 
2025-06-12 08:53:35.127: [INFO][Sync] ConfigurationDone, failed: , succeeded: , remaining count: 0
2025-06-12 08:53:35.134: [INFO][Sync]     Configuration completed, state: 7
2025-06-12 08:53:35.135: [INFO][Sync] Configured DataTypeManager: Ok
2025-06-12 08:53:35.141: [INFO][SyncEngineBackend::DoStartSyncing] Start syncing
2025-06-12 08:54:37.849: [INFO][Sync] Reset engine, reason: 0
2025-06-12 08:54:37.849: [INFO][Sync] Reset engine with reason: 0
2025-06-12 08:54:37.849: [INFO][SyncSchedulerImpl::OnSyncNetworkError] Syncer error: Network error (ERR_ABORTED)
2025-06-12 08:54:37.850: [INFO][Commit::ReportFullCommitFailure] Commit Passwords failed with error: NetworkError
2025-06-12 08:54:37.850: [INFO][SyncSchedulerImpl::DoNudgeSyncCycleJob] Syncer error: Network error (ERR_ABORTED)
2025-06-12 08:55:20.460: [INFO][Sync] SyncState after authenticated was: FeatureCanStart
2025-06-12 08:55:20.816: [INFO][Sync] Try to start sync engine
2025-06-12 08:55:20.816: [INFO][SyncManagerImpl::NudgeForInitialDownload] Initial download nudge for Encryption Keys
2025-06-12 08:55:20.816: [INFO][SyncEngineBackend::LoadAndConnectNigoriController] Load and connect Nigori controller
2025-06-12 08:55:20.816: [INFO][SyncEngineBackend::DoInitialize] Control Types added: Encryption Keys
2025-06-12 08:55:20.816: [INFO][SyncManagerImpl::ConfigureSyncer] Types to download: Encryption Keys with reason: 3
2025-06-12 08:55:20.816: [INFO][SyncSchedulerImpl::DoConfigurationSyncCycleJob] Configure job was blocked
2025-06-12 08:55:20.846: [INFO][SyncAuthManager::SetLastAuthError] Current auth error: None
2025-06-12 08:55:20.846: [INFO][SyncAuthManager::EdgeLogTokenErrorState] Token error with: None for account type: MSA
2025-06-12 08:55:20.846: [INFO][Sync] Credentials changed for: EdgeSyncScopeNew
2025-06-12 08:55:21.413: [INFO][SyncAuthManager::SetLastAuthError] Current auth error: None
2025-06-12 08:55:21.413: [INFO][SyncAuthManager::EdgeLogTokenErrorState] Token error with: None for account type: MSA
2025-06-12 08:55:21.413: [INFO][Sync] Credentials changed for: EdgeSyncKeyDataScope
2025-06-12 08:55:21.413: [INFO][SyncEngineBackend::DoUpdateKeyDataCredentials] Update key data credentials
2025-06-12 08:55:21.413: [INFO][SyncEngineBackend::DoUpdateCredentials] Update credentials
2025-06-12 08:55:21.413: [INFO][SyncSchedulerImpl::DoConfigurationSyncCycleJob] Blocked types:  and types to download: Encryption Keys
2025-06-12 08:55:26.410: [INFO][Sync] Started DataTypeManager configuration, reason: 4
2025-06-12 08:55:26.410: [INFO][Sync] Configuring for: Bookmarks, Preferences, Passwords, Autofill Profiles, Autofill, Extensions, Sessions, Extension settings, History Delete Directives, Device Info, User Consents, Send Tab To Self, Web Apps, History, Saved Tab Group, WebAuthn Credentials, Collection, Edge E Drop, Edge Hub App Usage, Edge Wallet, Encryption Keys, reason: 4, current state: 0
2025-06-12 08:55:26.410: [WARN][Sync] Crypto error data types: Passwords, Autofill Profiles, Autofill
2025-06-12 08:55:26.420: [INFO][Sync] Configure, desired: Bookmarks, Preferences, Extensions, Sessions, Extension settings, History Delete Directives, Device Info, User Consents, Send Tab To Self, Web Apps, History, Saved Tab Group, WebAuthn Credentials, Collection, Edge E Drop, Edge Hub App Usage, Edge Wallet, Encryption Keys; Allow fail: Passwords, Autofill Profiles, Autofill
2025-06-12 08:55:26.420: [INFO][Sync] Loading: Bookmarks
2025-06-12 08:55:26.420: [INFO][Sync] Loading: Preferences
2025-06-12 08:55:26.420: [INFO][Sync] Loading: Extensions
2025-06-12 08:55:26.420: [INFO][Sync] Loading: Sessions
2025-06-12 08:55:26.420: [INFO][Sync] Loading: Extension settings
2025-06-12 08:55:26.420: [INFO][Sync] Loading: History Delete Directives
2025-06-12 08:55:26.421: [INFO][Sync] Loading: Device Info
2025-06-12 08:55:26.421: [INFO][Sync] Loading: User Consents
2025-06-12 08:55:26.421: [INFO][Sync] Loading: Send Tab To Self
2025-06-12 08:55:26.421: [INFO][Sync] Loading: Web Apps
2025-06-12 08:55:26.421: [INFO][Sync] Loading: History
2025-06-12 08:55:26.421: [INFO][Sync] Loading: Saved Tab Group
2025-06-12 08:55:26.421: [INFO][Sync] Loading: WebAuthn Credentials
2025-06-12 08:55:26.421: [INFO][Sync] Loading: Collection
2025-06-12 08:55:26.421: [INFO][Sync] Loading: Edge E Drop
2025-06-12 08:55:26.421: [INFO][Sync] Loading: Edge Hub App Usage
2025-06-12 08:55:26.421: [INFO][Sync] Loading: Edge Wallet
2025-06-12 08:55:26.434: [INFO][Sync] All data types are ready for configure.
2025-06-12 08:55:28.069: [INFO][SyncEngineBackend::DoStartConfiguration] Start configuration
2025-06-12 08:55:28.069: [INFO][SyncManagerImpl::ConfigureSyncer] Types to download:  with reason: 4
2025-06-12 08:55:28.069: [INFO][SyncEngineBackend::DoFinishConfigureDataTypes] Failed to download types:  and succeeded types: 
2025-06-12 08:55:28.073: [INFO][Sync] Started DataTypeManager configuration, reason: 5
2025-06-12 08:55:28.073: [INFO][Sync] Configuring for: Bookmarks, Preferences, Passwords, Autofill Profiles, Autofill, Extensions, Sessions, Extension settings, History Delete Directives, Device Info, User Consents, Send Tab To Self, Web Apps, History, Saved Tab Group, WebAuthn Credentials, Collection, Edge E Drop, Edge Hub App Usage, Edge Wallet, Encryption Keys, reason: 5, current state: 1
2025-06-12 08:55:28.083: [INFO][Sync] ConfigurationDone, failed: , succeeded: , remaining count: 4
2025-06-12 08:55:28.083: [WARN][Sync]     Reconfigure requested while configuration ongoing.
2025-06-12 08:55:28.083: [INFO][Sync] Configuring for: Bookmarks, Preferences, Passwords, Autofill Profiles, Autofill, Extensions, Sessions, Extension settings, History Delete Directives, Device Info, User Consents, Send Tab To Self, Web Apps, History, Saved Tab Group, WebAuthn Credentials, Collection, Edge E Drop, Edge Hub App Usage, Edge Wallet, Encryption Keys, reason: 5, current state: 2
2025-06-12 08:55:28.083: [INFO][Sync] Configure, desired: Bookmarks, Preferences, Passwords, Autofill Profiles, Autofill, Extensions, Sessions, Extension settings, History Delete Directives, Device Info, User Consents, Send Tab To Self, Web Apps, History, Saved Tab Group, WebAuthn Credentials, Collection, Edge E Drop, Edge Hub App Usage, Edge Wallet, Encryption Keys; Allow fail: 
2025-06-12 08:55:28.083: [INFO][Sync] Loading: Passwords
2025-06-12 08:55:28.083: [INFO][Sync] Loading: Autofill Profiles
2025-06-12 08:55:28.083: [INFO][Sync] Loading: Autofill
2025-06-12 08:55:28.083: [INFO][Sync] All data types are ready for configure.
2025-06-12 08:55:28.083: [INFO][SyncManagerImpl::NudgeForInitialDownload] Initial download nudge for Passwords
2025-06-12 08:55:28.083: [INFO][SyncManagerImpl::ConfigureSyncer] Types to download:  with reason: 5
2025-06-12 08:55:28.084: [INFO][SyncEngineBackend::DoFinishConfigureDataTypes] Failed to download types:  and succeeded types: 
2025-06-12 08:55:28.086: [INFO][Sync] ConfigurationDone, failed: , succeeded: , remaining count: 4
2025-06-12 08:55:28.086: [INFO][Sync] Prepare to configure types: Passwords, Encryption Keys
2025-06-12 08:55:28.086: [INFO][SyncManagerImpl::ConfigureSyncer] Types to download: Passwords, Encryption Keys with reason: 5
2025-06-12 08:55:28.087: [INFO][SyncSchedulerImpl::DoConfigurationSyncCycleJob] Blocked types:  and types to download: Passwords, Encryption Keys
2025-06-12 08:55:29.277: [INFO][SyncEngineBackend::DoFinishConfigureDataTypes] Failed to download types:  and succeeded types: Passwords, Encryption Keys
2025-06-12 08:55:29.284: [INFO][Sync] ConfigurationDone, failed: , succeeded: Passwords, Encryption Keys, remaining count: 3
2025-06-12 08:55:29.284: [INFO][SyncManagerImpl::ConfigureSyncer] Types to download:  with reason: 5
2025-06-12 08:55:29.284: [INFO][SyncEngineBackend::DoFinishConfigureDataTypes] Failed to download types:  and succeeded types: 
2025-06-12 08:55:29.284: [INFO][Sync] ConfigurationDone, failed: , succeeded: , remaining count: 2
2025-06-12 08:55:29.284: [INFO][SyncManagerImpl::ConfigureSyncer] Types to download:  with reason: 5
2025-06-12 08:55:29.284: [INFO][SyncEngineBackend::DoFinishConfigureDataTypes] Failed to download types:  and succeeded types: 
2025-06-12 08:55:29.287: [INFO][Sync] ConfigurationDone, failed: , succeeded: , remaining count: 1
2025-06-12 08:55:29.294: [INFO][SyncManagerImpl::ConfigureSyncer] Types to download:  with reason: 5
2025-06-12 08:55:29.294: [INFO][SyncEngineBackend::DoFinishConfigureDataTypes] Failed to download types:  and succeeded types: 
2025-06-12 08:55:29.295: [INFO][Sync] ConfigurationDone, failed: , succeeded: , remaining count: 0
2025-06-12 08:55:29.304: [INFO][Sync]     Configuration completed, state: 7
2025-06-12 08:55:29.304: [INFO][Sync] Configured DataTypeManager: Ok
2025-06-12 08:55:29.313: [INFO][SyncEngineBackend::DoStartSyncing] Start syncing
2025-06-12 08:59:26.913: [INFO][Sync] Reset engine, reason: 0
2025-06-12 08:59:26.913: [INFO][Sync] Reset engine with reason: 0
